<?xml version='1.0' encoding='UTF-8'?>
<testsuite hostname="Ievgens-MacBook-Air.local" name="qa.dummy.DummyCreatorTest" tests="43" errors="0" failures="0" time="0.42">
                     <properties>
[...]
</properties>
                     <testcase classname="qa.dummy.DummyCreatorTest" name="filterScenariosByBody: scenarios: null, content: null" time="0.027">
                                                 
                                               </testcase><testcase classname="qa.dummy.DummyCreatorTest" name="filterScenariosByBody: scenarios: empty, content: null" time="0.001">
                                                 
                                               </testcase><testcase classname="qa.dummy.DummyCreatorTest" name="filterScenariosByBody: scenarios: nonEmpty(no body), content: null" time="0.005">
                                                 
                                               </testcase><testcase classname="qa.dummy.DummyCreatorTest" name="filterScenariosByBody: scenarios: nonEmpty(body), content: null" time="0.266">
                                                 
                                               </testcase><testcase classname="qa.dummy.DummyCreatorTest" name="filterScenariosByBody: scenarios: nonEmpty(no body), content: empty" time="0.0">
                                                 
                                               </testcase><testcase classname="qa.dummy.DummyCreatorTest" name="filterScenariosByBody: scenarios: nonEmpty(body), content: empty" time="0.001">
                                                 
                                               </testcase><testcase classname="qa.dummy.DummyCreatorTest" name="filterScenariosByBody: scenarios: nonEmpty(no body), content: nonEmpty" time="0.0">
                                                 
                                               </testcase><testcase classname="qa.dummy.DummyCreatorTest" name="filterScenariosByBody: scenarios: nonEmpty(body), content: nonEmpty don't fit" time="0.04">
                                                 
                                               </testcase><testcase classname="qa.dummy.DummyCreatorTest" name="filterScenariosByBody: scenarios: nonEmpty(body), content: nonEmpty fit one" time="0.001">
                                                 
                                               </testcase><testcase classname="qa.dummy.DummyCreatorTest" name="filterScenariosByBody: scenarios: nonEmpty(body), content: nonEmpty fit multi" time="0.001">
                                                 
                                               </testcase><testcase classname="qa.dummy.DummyCreatorTest" name="filterScenariosByQuery scenarios: null; query: null" time="0.002">
                                                 
                                               </testcase><testcase classname="qa.dummy.DummyCreatorTest" name="filterScenariosByQuery scenarios: empty; query: null" time="0.002">
                                                 
                                               </testcase><testcase classname="qa.dummy.DummyCreatorTest" name="filterScenariosByQuery scenarios: nonEmpty(no query); query: null" time="0.002">
                                                 
                                               </testcase><testcase classname="qa.dummy.DummyCreatorTest" name="filterScenariosByQuery scenarios: nonEmpty(query); query: null" time="0.001">
                                                 
                                               </testcase><testcase classname="qa.dummy.DummyCreatorTest" name="filterScenariosByQuery scenarios: nonEmpty(no query); query: empty" time="0.0">
                                                 
                                               </testcase><testcase classname="qa.dummy.DummyCreatorTest" name="filterScenariosByQuery scenarios: nonEmpty(query); query: empty" time="0.0">
                                                 
                                               </testcase><testcase classname="qa.dummy.DummyCreatorTest" name="filterScenariosByQuery scenarios: nonEmpty(no query); query: nonEmpty" time="0.002">
                                                 
                                               </testcase><testcase classname="qa.dummy.DummyCreatorTest" name="filterScenariosByQuery scenarios: nonEmpty(query); query: nonEmpty don't fit" time="0.002">
                                                 
                                               </testcase><testcase classname="qa.dummy.DummyCreatorTest" name="filterScenariosByQuery scenarios: nonEmpty(query); query: nonEmpty fit one" time="0.001">
                                                 
                                               </testcase><testcase classname="qa.dummy.DummyCreatorTest" name="filterScenariosByQuery scenarios: nonEmpty(query); query: nonEmpty fit multi" time="0.0">
                                                 
                                               </testcase><testcase classname="qa.dummy.DummyCreatorTest" name="filterScenariosByHeaders headers empty" time="0.002">
                                                 
                                               </testcase><testcase classname="qa.dummy.DummyCreatorTest" name="filterScenariosByHeaders headers null" time="0.001">
                                                 
                                               </testcase><testcase classname="qa.dummy.DummyCreatorTest" name="filterScenariosByHeaders headers null not match request headers" time="0.001">
                                                 
                                               </testcase><testcase classname="qa.dummy.DummyCreatorTest" name="filterScenariosByHeaders headers empty not match request headers" time="0.001">
                                                 
                                               </testcase><testcase classname="qa.dummy.DummyCreatorTest" name="filterScenariosByHeaders match" time="0.001">
                                                 
                                               </testcase><testcase classname="qa.dummy.DummyCreatorTest" name="findRequiredScenario headers null" time="0.002">
                                                 
                                               </testcase><testcase classname="qa.dummy.DummyCreatorTest" name="findRequiredScenario headers null with missing required request header any value" time="0.003">
                                                 
                                               </testcase><testcase classname="qa.dummy.DummyCreatorTest" name="findRequiredScenario headers null with missing required request header exact value" time="0.0">
                                                 
                                               </testcase><testcase classname="qa.dummy.DummyCreatorTest" name="findRequiredScenario with required request header any value" time="0.003">
                                                 
                                               </testcase><testcase classname="qa.dummy.DummyCreatorTest" name="findRequiredScenario with missing required request header exact value" time="0.001">
                                                 
                                               </testcase><testcase classname="qa.dummy.DummyCreatorTest" name="parseBody null" time="0.0">
                                                 
                                               </testcase><testcase classname="qa.dummy.DummyCreatorTest" name="parseBody String" time="0.02">
                                                 
                                               </testcase><testcase classname="qa.dummy.DummyCreatorTest" name="parseBody Map" time="0.003">
                                                 
                                               </testcase><testcase classname="qa.dummy.DummyCreatorTest" name="parseBody List" time="0.004">
                                                 
                                               </testcase><testcase classname="qa.dummy.DummyCreatorTest" name="parseBody inner file reference" time="0.013">
                                                 
                                               </testcase><testcase classname="qa.dummy.DummyCreatorTest" name="parseBody not existing inner file reference" time="0.002">
                                                 
                                               </testcase><testcase classname="qa.dummy.DummyCreatorTest" name="validateRoute invalid path empty" time="0.002">
                                                 
                                               </testcase><testcase classname="qa.dummy.DummyCreatorTest" name="validateRoute invalid path starts not from \" time="0.001">
                                                 
                                               </testcase><testcase classname="qa.dummy.DummyCreatorTest" name="validateRoute valid path starts from **" time="0.003">
                                                 
                                               </testcase><testcase classname="qa.dummy.DummyCreatorTest" name="validateRoute invalid method empty" time="0.001">
                                                 
                                               </testcase><testcase classname="qa.dummy.DummyCreatorTest" name="validateRoute invalid method not supported" time="0.001">
                                                 
                                               </testcase><testcase classname="qa.dummy.DummyCreatorTest" name="validateRoute empty scenarios" time="0.001">
                                                 
                                               </testcase><testcase classname="qa.dummy.DummyCreatorTest" name="validateRoute" time="0.0">
                                                 
                                               </testcase>
                     <system-out></system-out>
                     <system-err></system-err>
                   </testsuite>